;;; 
Export: Release 11.2.0.1.0 - Production on Sex Jul 21 10:22:34 2017

Copyright (c) 1982, 2009, Oracle and/or its affiliates.  All rights reserved.
;;; 
Conectado a: Oracle Database 11g Enterprise Edition Release 11.2.0.1.0 - 64bit Production
With the Partitioning, OLAP, Data Mining and Real Application Testing options
Iniciando "CENIBRA_20160713"."SYS_EXPORT_SCHEMA_01":  CENIBRA_20160713/********@ora11g SCHEMAS=CENIBRA_20160713 DIRECTORY=BKPVALE DUMPFILE=CENIBRA_20160713.dmp LOGFILE=CENIBRA_20160713.LOG 
Estimativa em andamento com o método BLOCKS...
Processando o tipo de objeto SCHEMA_EXPORT/TABLE/TABLE_DATA
Estimativa total usando o método de BLOCKS: 308.5 MB
Processando o tipo de objeto SCHEMA_EXPORT/USER
Processando o tipo de objeto SCHEMA_EXPORT/SYSTEM_GRANT
Processando o tipo de objeto SCHEMA_EXPORT/ROLE_GRANT
Processando o tipo de objeto SCHEMA_EXPORT/DEFAULT_ROLE
Processando o tipo de objeto SCHEMA_EXPORT/TABLESPACE_QUOTA
Processando o tipo de objeto SCHEMA_EXPORT/PRE_SCHEMA/PROCACT_SCHEMA
Processando o tipo de objeto SCHEMA_EXPORT/TYPE/INC_TYPE
Processando o tipo de objeto SCHEMA_EXPORT/TYPE/TYPE_SPEC
Processando o tipo de objeto SCHEMA_EXPORT/SEQUENCE/SEQUENCE
Processando o tipo de objeto SCHEMA_EXPORT/TABLE/TABLE
Processando o tipo de objeto SCHEMA_EXPORT/TABLE/INDEX/INDEX
Processando o tipo de objeto SCHEMA_EXPORT/TABLE/CONSTRAINT/CONSTRAINT
Processando o tipo de objeto SCHEMA_EXPORT/TABLE/INDEX/STATISTICS/INDEX_STATISTICS
Processando o tipo de objeto SCHEMA_EXPORT/TABLE/COMMENT
Processando o tipo de objeto SCHEMA_EXPORT/PACKAGE/PACKAGE_SPEC
Processando o tipo de objeto SCHEMA_EXPORT/FUNCTION/FUNCTION
Processando o tipo de objeto SCHEMA_EXPORT/PROCEDURE/PROCEDURE
Processando o tipo de objeto SCHEMA_EXPORT/PACKAGE/COMPILE_PACKAGE/PACKAGE_SPEC/ALTER_PACKAGE_SPEC
Processando o tipo de objeto SCHEMA_EXPORT/FUNCTION/ALTER_FUNCTION
Processando o tipo de objeto SCHEMA_EXPORT/PROCEDURE/ALTER_PROCEDURE
Processando o tipo de objeto SCHEMA_EXPORT/VIEW/VIEW
Processando o tipo de objeto SCHEMA_EXPORT/PACKAGE/PACKAGE_BODY
Processando o tipo de objeto SCHEMA_EXPORT/TABLE/CONSTRAINT/REF_CONSTRAINT
Processando o tipo de objeto SCHEMA_EXPORT/TABLE/TRIGGER
Processando o tipo de objeto SCHEMA_EXPORT/TABLE/INDEX/FUNCTIONAL_AND_BITMAP/INDEX
Processando o tipo de objeto SCHEMA_EXPORT/TABLE/INDEX/STATISTICS/FUNCTIONAL_AND_BITMAP/INDEX_STATISTICS
Processando o tipo de objeto SCHEMA_EXPORT/TABLE/STATISTICS/TABLE_STATISTICS
Processando o tipo de objeto SCHEMA_EXPORT/POST_SCHEMA/PROCOBJ
. . exportou "CENIBRA_20160713"."TVALACO"                109.7 MB 1643616 linhas
. . exportou "CENIBRA_20160713"."TLOG"                   43.40 MB  113903 linhas
. . exportou "CENIBRA_20160713"."TACO"                   25.47 MB   94042 linhas
. . exportou "CENIBRA_20160713"."TLOGWEBSRV"             16.60 MB  129252 linhas
. . exportou "CENIBRA_20160713"."TDTAMNGCFG"             8.874 MB   83410 linhas
. . exportou "CENIBRA_20160713"."TSOLPRBPAS"             5.210 MB    9978 linhas
. . exportou "CENIBRA_20160713"."TANT"                   5.081 MB   16781 linhas
. . exportou "CENIBRA_20160713"."TDTAMNGITE"             4.893 MB  111353 linhas
. . exportou "CENIBRA_20160713"."TLOGACE"                4.313 MB   92839 linhas
. . exportou "CENIBRA_20160713"."TFER"                   3.120 MB    5772 linhas
. . exportou "CENIBRA_20160713"."TPACTAR"                3.382 MB    5905 linhas
. . exportou "CENIBRA_20160713"."TUSU"                   2.317 MB    8484 linhas
. . exportou "CENIBRA_20160713"."TDOCVIN"                1.499 MB   10982 linhas
. . exportou "CENIBRA_20160713"."TSOLPRB"                1.278 MB    3116 linhas
. . exportou "CENIBRA_20160713"."TSOLPRBPACTARPRG"       824.1 KB   19448 linhas
. . exportou "CENIBRA_20160713"."TUNISCD"                840.5 KB    1008 linhas
. . exportou "CENIBRA_20160713"."TACOANT"                738.2 KB   18279 linhas
. . exportou "CENIBRA_20160713"."TDSDITE"                713.4 KB   17241 linhas
. . exportou "CENIBRA_20160713"."TUNIPLAGES"             588.6 KB    1380 linhas
. . exportou "CENIBRA_20160713"."TUSUEML"                703.3 KB    8484 linhas
. . exportou "CENIBRA_20160713"."TSOLPRBPAR"             472.8 KB    7156 linhas
. . exportou "CENIBRA_20160713"."TNTC"                   416.4 KB      49 linhas
. . exportou "CENIBRA_20160713"."TUSUSIS"                407.4 KB    9963 linhas
. . exportou "CENIBRA_20160713"."TGPHCFG"                321.1 KB      43 linhas
. . exportou "CENIBRA_20160713"."TTMPDTAMNG"             215.9 KB   13149 linhas
. . exportou "CENIBRA_20160713"."TPACTAREXCRECLOG"       208.8 KB    1469 linhas
. . exportou "CENIBRA_20160713"."TSOLPRBGRUIND"          201.7 KB    3536 linhas
. . exportou "CENIBRA_20160713"."TUNI"                   99.84 KB     224 linhas
. . exportou "CENIBRA_20160713"."TGRUUSUMNU"             163.4 KB    4556 linhas
. . exportou "CENIBRA_20160713"."TITEETD"                172.1 KB    3096 linhas
. . exportou "CENIBRA_20160713"."TSOLPRBACO"             165.0 KB    2954 linhas
. . exportou "CENIBRA_20160713"."TTGRTAR"                133.9 KB     245 linhas
. . exportou "CENIBRA_20160713"."TTIPDSD"                179.8 KB    4120 linhas
. . exportou "CENIBRA_20160713"."TTKN"                   183.6 KB    2711 linhas
. . exportou "CENIBRA_20160713"."TUNISCDPAR"             184.0 KB    3652 linhas
. . exportou "CENIBRA_20160713"."TATVSCD"                14.33 KB      22 linhas
. . exportou "CENIBRA_20160713"."TGRUUSUUNI"             103.0 KB    2265 linhas
. . exportou "CENIBRA_20160713"."TIND"                   133.2 KB     505 linhas
. . exportou "CENIBRA_20160713"."TMETSOLPRB"             104.4 KB      12 linhas
. . exportou "CENIBRA_20160713"."TUNIPRBIDF"             128.0 KB     257 linhas
. . exportou "CENIBRA_20160713"."TMNGRPT"                61.91 KB      35 linhas
. . exportou "CENIBRA_20160713"."TPACTARDOC"             93.82 KB    1130 linhas
. . exportou "CENIBRA_20160713"."TPAR"                   43.30 KB     592 linhas
. . exportou "CENIBRA_20160713"."TUSUGRUUSU"             46.07 KB    1043 linhas
. . exportou "CENIBRA_20160713"."TUSUUNI"                71.48 KB    1580 linhas
. . exportou "CENIBRA_20160713"."TATV"                   10.53 KB       5 linhas
. . exportou "CENIBRA_20160713"."TAUTEML"                15.12 KB      10 linhas
. . exportou "CENIBRA_20160713"."TCAR"                   32.10 KB     471 linhas
. . exportou "CENIBRA_20160713"."TCFGSET"                5.890 KB       1 linhas
. . exportou "CENIBRA_20160713"."TCFGSETITE"             7.062 KB      35 linhas
. . exportou "CENIBRA_20160713"."TCNTUSO"                8.898 KB       1 linhas
. . exportou "CENIBRA_20160713"."TDETGRUIND"             6.523 KB       5 linhas
. . exportou "CENIBRA_20160713"."TDTAMNG"                44.44 KB     249 linhas
. . exportou "CENIBRA_20160713"."TDTAMNGLNE"             25.25 KB     422 linhas
. . exportou "CENIBRA_20160713"."TEMP"                   9.851 KB       1 linhas
. . exportou "CENIBRA_20160713"."TETD"                   9.390 KB      79 linhas
. . exportou "CENIBRA_20160713"."TFRMCAL"                6.835 KB       2 linhas
. . exportou "CENIBRA_20160713"."TFRMCALITE"             7.710 KB       2 linhas
. . exportou "CENIBRA_20160713"."TGPHCFGSCL"             17.59 KB      20 linhas
. . exportou "CENIBRA_20160713"."TGPHMDL"                35.46 KB       5 linhas
. . exportou "CENIBRA_20160713"."TGPHMDLDSB"             6.710 KB       9 linhas
. . exportou "CENIBRA_20160713"."TGPHMDLSCL"             45.39 KB     177 linhas
. . exportou "CENIBRA_20160713"."TGRUIND"                7.742 KB      13 linhas
. . exportou "CENIBRA_20160713"."TGRUUSU"                12.28 KB      84 linhas
. . exportou "CENIBRA_20160713"."TGRUUSUOPESIS"          13.82 KB     176 linhas
. . exportou "CENIBRA_20160713"."TIDS"                   6.937 KB      91 linhas
. . exportou "CENIBRA_20160713"."TITEPIRBRD"             7.414 KB       6 linhas
. . exportou "CENIBRA_20160713"."TLCL"                   6.468 KB       4 linhas
. . exportou "CENIBRA_20160713"."TLNK"                   8.460 KB       6 linhas
. . exportou "CENIBRA_20160713"."TLOGFLG"                6.414 KB       1 linhas
. . exportou "CENIBRA_20160713"."TMAP"                   28.15 KB     186 linhas
. . exportou "CENIBRA_20160713"."TMAPOBJ"                16.76 KB      75 linhas
. . exportou "CENIBRA_20160713"."TMAPOBJDOC"             6.781 KB       1 linhas
. . exportou "CENIBRA_20160713"."TMAPOBJESTACO"          9.242 KB      60 linhas
. . exportou "CENIBRA_20160713"."TMATPRI"                29.75 KB       9 linhas
. . exportou "CENIBRA_20160713"."TMDLGRA"                12.57 KB       2 linhas
. . exportou "CENIBRA_20160713"."TMDLSECGRA"             13.28 KB       7 linhas
. . exportou "CENIBRA_20160713"."TMNGRPTQRY"             25.78 KB      17 linhas
. . exportou "CENIBRA_20160713"."TMNGRPTTYP"             7.343 KB       5 linhas
. . exportou "CENIBRA_20160713"."TMNU"                   16.45 KB      98 linhas
. . exportou "CENIBRA_20160713"."TMOD"                   16.65 KB      30 linhas
. . exportou "CENIBRA_20160713"."TMOTNAOCMPREU"          6.976 KB       5 linhas
. . exportou "CENIBRA_20160713"."TNIVHIE"                  7.5 KB       9 linhas
. . exportou "CENIBRA_20160713"."TNTAPERREMVAR"          8.367 KB      30 linhas
. . exportou "CENIBRA_20160713"."TOBJEST"                7.953 KB       8 linhas
. . exportou "CENIBRA_20160713"."TOPESIS"                9.796 KB      12 linhas
. . exportou "CENIBRA_20160713"."TORISOLPRB"             7.695 KB      10 linhas
. . exportou "CENIBRA_20160713"."TPACTARRES"             37.13 KB     577 linhas
. . exportou "CENIBRA_20160713"."TPDTCON"                9.164 KB       4 linhas
. . exportou "CENIBRA_20160713"."TPDTCONITE"             5.929 KB       2 linhas
. . exportou "CENIBRA_20160713"."TPLAGES"                9.664 KB      17 linhas
. . exportou "CENIBRA_20160713"."TPRMRELFAR"             26.97 KB      14 linhas
. . exportou "CENIBRA_20160713"."TPRS"                   6.593 KB       6 linhas
. . exportou "CENIBRA_20160713"."TRCT"                   12.92 KB      38 linhas
. . exportou "CENIBRA_20160713"."TRPTSOLPRB"              22.5 KB       2 linhas
. . exportou "CENIBRA_20160713"."TSECNTC"                9.820 KB      13 linhas
. . exportou "CENIBRA_20160713"."TSIS"                   11.79 KB       5 linhas
. . exportou "CENIBRA_20160713"."TSOLPRBLOG"             17.43 KB     166 linhas
. . exportou "CENIBRA_20160713"."TSQLUPD"                9.085 KB     179 linhas
. . exportou "CENIBRA_20160713"."TSRVEML"                5.445 KB       1 linhas
. . exportou "CENIBRA_20160713"."TTIPACOIND"             9.125 KB       5 linhas
. . exportou "CENIBRA_20160713"."TTIPMEDCON"             9.578 KB       4 linhas
. . exportou "CENIBRA_20160713"."TTIPPLAACO"             7.328 KB       2 linhas
. . exportou "CENIBRA_20160713"."TTMPPNL"                11.94 KB     115 linhas
. . exportou "CENIBRA_20160713"."TUNIMAP"                15.03 KB     205 linhas
. . exportou "CENIBRA_20160713"."TUNIMED"                10.42 KB      91 linhas
. . exportou "CENIBRA_20160713"."TUNISCDREP"             10.25 KB      30 linhas
. . exportou "CENIBRA_20160713"."TUNITYP"                13.10 KB       2 linhas
. . exportou "CENIBRA_20160713"."TVRS"                   15.00 KB     147 linhas
. . exportou "CENIBRA_20160713"."TACOUNI"                    0 KB       0 linhas
. . exportou "CENIBRA_20160713"."TAGD"                       0 KB       0 linhas
. . exportou "CENIBRA_20160713"."TAGDAST"                    0 KB       0 linhas
. . exportou "CENIBRA_20160713"."TAGDPAR"                    0 KB       0 linhas
. . exportou "CENIBRA_20160713"."TAGDREP"                    0 KB       0 linhas
. . exportou "CENIBRA_20160713"."TAGECAU"                    0 KB       0 linhas
. . exportou "CENIBRA_20160713"."TAMBRISIMG"                 0 KB       0 linhas
. . exportou "CENIBRA_20160713"."TANLPRT"                    0 KB       0 linhas
. . exportou "CENIBRA_20160713"."TANLPRTITE"                 0 KB       0 linhas
. . exportou "CENIBRA_20160713"."TAPLREQLEG"                 0 KB       0 linhas
. . exportou "CENIBRA_20160713"."TAPLREQLEGANACRI"           0 KB       0 linhas
. . exportou "CENIBRA_20160713"."TAPLREQLEGSOLPRB"           0 KB       0 linhas
. . exportou "CENIBRA_20160713"."TAPRPNL"                    0 KB       0 linhas
. . exportou "CENIBRA_20160713"."TAPRPNLITE"                 0 KB       0 linhas
. . exportou "CENIBRA_20160713"."TAPRPNLUNI"                 0 KB       0 linhas
. . exportou "CENIBRA_20160713"."TATVREGLICAMB"              0 KB       0 linhas
. . exportou "CENIBRA_20160713"."TATVSCTLICAMB"              0 KB       0 linhas
. . exportou "CENIBRA_20160713"."TAUD"                       0 KB       0 linhas
. . exportou "CENIBRA_20160713"."TAUDPAR"                    0 KB       0 linhas
. . exportou "CENIBRA_20160713"."TAUDSCD"                    0 KB       0 linhas
. . exportou "CENIBRA_20160713"."TAUTEMLLISDIS"              0 KB       0 linhas
. . exportou "CENIBRA_20160713"."TAVLDES"                    0 KB       0 linhas
. . exportou "CENIBRA_20160713"."TAVLDESITE"                 0 KB       0 linhas
. . exportou "CENIBRA_20160713"."TBCKLOGPRJ"                 0 KB       0 linhas
. . exportou "CENIBRA_20160713"."TBCKLOGPRJPAR"              0 KB       0 linhas
. . exportou "CENIBRA_20160713"."TBRN"                       0 KB       0 linhas
. . exportou "CENIBRA_20160713"."TBRT"                       0 KB       0 linhas
. . exportou "CENIBRA_20160713"."TBRTITE"                    0 KB       0 linhas
. . exportou "CENIBRA_20160713"."TBRTITEMATRES"              0 KB       0 linhas
. . exportou "CENIBRA_20160713"."TBSCAVD"                    0 KB       0 linhas
. . exportou "CENIBRA_20160713"."TCAT"                       0 KB       0 linhas
. . exportou "CENIBRA_20160713"."TCAU"                       0 KB       0 linhas
. . exportou "CENIBRA_20160713"."TCAUEFE"                    0 KB       0 linhas
. . exportou "CENIBRA_20160713"."TCAUPRBCNCPRQ"              0 KB       0 linhas
. . exportou "CENIBRA_20160713"."TCFGEMP"                    0 KB       0 linhas
. . exportou "CENIBRA_20160713"."TCFGEXT"                    0 KB       0 linhas
. . exportou "CENIBRA_20160713"."TCFGGPHACO"                 0 KB       0 linhas
. . exportou "CENIBRA_20160713"."TCFGMETSOLPRBATV"           0 KB       0 linhas
. . exportou "CENIBRA_20160713"."TCFGMETSOLPRBWKF"           0 KB       0 linhas
. . exportou "CENIBRA_20160713"."TCFGMETSOLPRBWKFGRUUSU"      0 KB       0 linhas
. . exportou "CENIBRA_20160713"."TCFGREG"                    0 KB       0 linhas
. . exportou "CENIBRA_20160713"."TCFGREGDIC"                 0 KB       0 linhas
. . exportou "CENIBRA_20160713"."TCHKLST"                    0 KB       0 linhas
. . exportou "CENIBRA_20160713"."TCHKLSTAUD"                 0 KB       0 linhas
. . exportou "CENIBRA_20160713"."TCHKLSTTPL"                 0 KB       0 linhas
. . exportou "CENIBRA_20160713"."TCHKLSTTPLITE"              0 KB       0 linhas
. . exportou "CENIBRA_20160713"."TCHKLSTVLRDIC"              0 KB       0 linhas
. . exportou "CENIBRA_20160713"."TCICAVLDES"                 0 KB       0 linhas
. . exportou "CENIBRA_20160713"."TCLS"                       0 KB       0 linhas
. . exportou "CENIBRA_20160713"."TCLSACD"                    0 KB       0 linhas
. . exportou "CENIBRA_20160713"."TCLSITR"                    0 KB       0 linhas
. . exportou "CENIBRA_20160713"."TCLSLICAMB"                 0 KB       0 linhas
. . exportou "CENIBRA_20160713"."TCLSLICAMBTIPLICAMB"        0 KB       0 linhas
. . exportou "CENIBRA_20160713"."TCMD"                       0 KB       0 linhas
. . exportou "CENIBRA_20160713"."TCMN"                       0 KB       0 linhas
. . exportou "CENIBRA_20160713"."TCMPATVREGLICAMB"           0 KB       0 linhas
. . exportou "CENIBRA_20160713"."TCMT"                       0 KB       0 linhas
. . exportou "CENIBRA_20160713"."TCMTSYS"                    0 KB       0 linhas
. . exportou "CENIBRA_20160713"."TCNCPRQ"                    0 KB       0 linhas
. . exportou "CENIBRA_20160713"."TCOLTIPTABLICAMB"           0 KB       0 linhas
. . exportou "CENIBRA_20160713"."TCONEMPRESESTAMB"           0 KB       0 linhas
. . exportou "CENIBRA_20160713"."TCRDIND"                    0 KB       0 linhas
. . exportou "CENIBRA_20160713"."TCTTCMD"                    0 KB       0 linhas
. . exportou "CENIBRA_20160713"."TDESGRFIND"                 0 KB       0 linhas
. . exportou "CENIBRA_20160713"."TDNP"                       0 KB       0 linhas
. . exportou "CENIBRA_20160713"."TDNPSCTLICAMB"              0 KB       0 linhas
. . exportou "CENIBRA_20160713"."TDOC"                       0 KB       0 linhas
. . exportou "CENIBRA_20160713"."TDOCCNT"                    0 KB       0 linhas
. . exportou "CENIBRA_20160713"."TDOCCNTDOCCNT"              0 KB       0 linhas
. . exportou "CENIBRA_20160713"."TDOCCNTLISDISDOC"           0 KB       0 linhas
. . exportou "CENIBRA_20160713"."TDOCCNTUNI"                 0 KB       0 linhas
. . exportou "CENIBRA_20160713"."TDOCCNTUNIGRUHOMEXP"        0 KB       0 linhas
. . exportou "CENIBRA_20160713"."TDOCCNTUSU"                 0 KB       0 linhas
. . exportou "CENIBRA_20160713"."TDOCCNTVER"                 0 KB       0 linhas
. . exportou "CENIBRA_20160713"."TDOCCNTVERLISDISUSUREL"      0 KB       0 linhas
. . exportou "CENIBRA_20160713"."TDOCCNTVERLOG"              0 KB       0 linhas
. . exportou "CENIBRA_20160713"."TDOCCNTVERUSU"              0 KB       0 linhas
. . exportou "CENIBRA_20160713"."TDOCCONEMP"                 0 KB       0 linhas
. . exportou "CENIBRA_20160713"."TDOCESTLICAMB"              0 KB       0 linhas
. . exportou "CENIBRA_20160713"."TDOCLICAMB"                 0 KB       0 linhas
. . exportou "CENIBRA_20160713"."TDTAMNGERR"                 0 KB       0 linhas
. . exportou "CENIBRA_20160713"."TDTAMNGMNT"                 0 KB       0 linhas
. . exportou "CENIBRA_20160713"."TDTAMNGPSO"                 0 KB       0 linhas
. . exportou "CENIBRA_20160713"."TDTAMNGQRY"                 0 KB       0 linhas
. . exportou "CENIBRA_20160713"."TEFE"                       0 KB       0 linhas
. . exportou "CENIBRA_20160713"."TEMPRESESTAMB"              0 KB       0 linhas
. . exportou "CENIBRA_20160713"."TEND"                       0 KB       0 linhas
. . exportou "CENIBRA_20160713"."TENDEPR"                    0 KB       0 linhas
. . exportou "CENIBRA_20160713"."TENQ"                       0 KB       0 linhas
. . exportou "CENIBRA_20160713"."TEPRGRU"                    0 KB       0 linhas
. . exportou "CENIBRA_20160713"."TEPRLICAMB"                 0 KB       0 linhas
. . exportou "CENIBRA_20160713"."TEPRLICAMBCMPATV"           0 KB       0 linhas
. . exportou "CENIBRA_20160713"."TEPRLICAMBEND"              0 KB       0 linhas
. . exportou "CENIBRA_20160713"."TEPRLICAMBMCP"              0 KB       0 linhas
. . exportou "CENIBRA_20160713"."TEQP"                       0 KB       0 linhas
. . exportou "CENIBRA_20160713"."TEQPACD"                    0 KB       0 linhas
. . exportou "CENIBRA_20160713"."TESTLICAMB"                 0 KB       0 linhas
. . exportou "CENIBRA_20160713"."TESTLICAMBCHKLST"           0 KB       0 linhas
. . exportou "CENIBRA_20160713"."TESTPRV"                    0 KB       0 linhas
. . exportou "CENIBRA_20160713"."TEXT"                       0 KB       0 linhas
. . exportou "CENIBRA_20160713"."TEXTDTB"                    0 KB       0 linhas
. . exportou "CENIBRA_20160713"."TFCE"                       0 KB       0 linhas
. . exportou "CENIBRA_20160713"."TFCESIMFRM"                 0 KB       0 linhas
. . exportou "CENIBRA_20160713"."TFERRISITE"                 0 KB       0 linhas
. . exportou "CENIBRA_20160713"."TFERRISITESOLPRB"           0 KB       0 linhas
. . exportou "CENIBRA_20160713"."TFLESYS"                    0 KB       0 linhas
. . exportou "CENIBRA_20160713"."TFRLEQP"                    0 KB       0 linhas
. . exportou "CENIBRA_20160713"."TFRLEQPITE"                 0 KB       0 linhas
. . exportou "CENIBRA_20160713"."TFRLQLD"                    0 KB       0 linhas
. . exportou "CENIBRA_20160713"."TFRLQLDITE"                 0 KB       0 linhas
. . exportou "CENIBRA_20160713"."TFRMFCE"                    0 KB       0 linhas
. . exportou "CENIBRA_20160713"."TFRMFCESIMFRMTPL"           0 KB       0 linhas
. . exportou "CENIBRA_20160713"."TFUNACD"                    0 KB       0 linhas
. . exportou "CENIBRA_20160713"."TFUNACDPARCOR"              0 KB       0 linhas
. . exportou "CENIBRA_20160713"."TFUNACDPARCORLES"           0 KB       0 linhas
. . exportou "CENIBRA_20160713"."TFUNAUD"                    0 KB       0 linhas
. . exportou "CENIBRA_20160713"."TFUNFME"                    0 KB       0 linhas
. . exportou "CENIBRA_20160713"."TFXAAVL"                    0 KB       0 linhas
. . exportou "CENIBRA_20160713"."TFXACMPATV"                 0 KB       0 linhas
. . exportou "CENIBRA_20160713"."TGAN"                       0 KB       0 linhas
. . exportou "CENIBRA_20160713"."TGANITE"                    0 KB       0 linhas
. . exportou "CENIBRA_20160713"."TGESFIN"                    0 KB       0 linhas
. . exportou "CENIBRA_20160713"."TGESFINITE"                 0 KB       0 linhas
. . exportou "CENIBRA_20160713"."TGLO"                       0 KB       0 linhas
. . exportou "CENIBRA_20160713"."TGPHIND"                    0 KB       0 linhas
. . exportou "CENIBRA_20160713"."TGPHMDLLOG"                 0 KB       0 linhas
. . exportou "CENIBRA_20160713"."TGRFIND"                    0 KB       0 linhas
. . exportou "CENIBRA_20160713"."TGRFINDSIMPAR"              0 KB       0 linhas
. . exportou "CENIBRA_20160713"."TGRPIND"                    0 KB       0 linhas
. . exportou "CENIBRA_20160713"."TGRPINDUSU"                 0 KB       0 linhas
. . exportou "CENIBRA_20160713"."TGRSSGN"                    0 KB       0 linhas
. . exportou "CENIBRA_20160713"."TGRUHOMEXP"                 0 KB       0 linhas
. . exportou "CENIBRA_20160713"."TGRUHOMEXPCAR"              0 KB       0 linhas
. . exportou "CENIBRA_20160713"."TGRURIS"                    0 KB       0 linhas
. . exportou "CENIBRA_20160713"."TGRUUSUACO"                 0 KB       0 linhas
. . exportou "CENIBRA_20160713"."TGRUUSUMNUSIS"              0 KB       0 linhas
. . exportou "CENIBRA_20160713"."TGRUUSUREGSIS"              0 KB       0 linhas
. . exportou "CENIBRA_20160713"."TGRUUSUUNIREGSIS"           0 KB       0 linhas
. . exportou "CENIBRA_20160713"."TIDE"                       0 KB       0 linhas
. . exportou "CENIBRA_20160713"."TINDPLAGESNTAREMVAR"        0 KB       0 linhas
. . exportou "CENIBRA_20160713"."TINFACO"                    0 KB       0 linhas
. . exportou "CENIBRA_20160713"."TITEMATLEGAMB"              0 KB       0 linhas
. . exportou "CENIBRA_20160713"."TITEPASTIPEPRLICAMB"        0 KB       0 linhas
. . exportou "CENIBRA_20160713"."TITEPASTIPEPRLICAMBTIPCMP"      0 KB       0 linhas
. . exportou "CENIBRA_20160713"."TJUSLICAMB"                 0 KB       0 linhas
. . exportou "CENIBRA_20160713"."TLEGAMB"                    0 KB       0 linhas
. . exportou "CENIBRA_20160713"."TLES"                       0 KB       0 linhas
. . exportou "CENIBRA_20160713"."TLICAMB"                    0 KB       0 linhas
. . exportou "CENIBRA_20160713"."TLICAMBCHKLST"              0 KB       0 linhas
. . exportou "CENIBRA_20160713"."TLICAMBDNP"                 0 KB       0 linhas
. . exportou "CENIBRA_20160713"."TLICAMBUSOAGA"              0 KB       0 linhas
. . exportou "CENIBRA_20160713"."TLINRAC"                    0 KB       0 linhas
. . exportou "CENIBRA_20160713"."TLISDIS"                    0 KB       0 linhas
. . exportou "CENIBRA_20160713"."TLISDISDES"                 0 KB       0 linhas
. . exportou "CENIBRA_20160713"."TLISDISDOC"                 0 KB       0 linhas
. . exportou "CENIBRA_20160713"."TLISDISDOCUSU"              0 KB       0 linhas
. . exportou "CENIBRA_20160713"."TLISDISPAG"                 0 KB       0 linhas
. . exportou "CENIBRA_20160713"."TLISDISUSU"                 0 KB       0 linhas
. . exportou "CENIBRA_20160713"."TLOGETL"                    0 KB       0 linhas
. . exportou "CENIBRA_20160713"."TLOGSNC"                    0 KB       0 linhas
. . exportou "CENIBRA_20160713"."TMAPOBJSOLPRB"              0 KB       0 linhas
. . exportou "CENIBRA_20160713"."TMAT"                       0 KB       0 linhas
. . exportou "CENIBRA_20160713"."TMATPER"                    0 KB       0 linhas
. . exportou "CENIBRA_20160713"."TMATRES"                    0 KB       0 linhas
. . exportou "CENIBRA_20160713"."TMCP"                       0 KB       0 linhas
. . exportou "CENIBRA_20160713"."TMEDCON"                    0 KB       0 linhas
. . exportou "CENIBRA_20160713"."TMETSOLPRBCLS"              0 KB       0 linhas
. . exportou "CENIBRA_20160713"."TMETSOLPRBFUN"              0 KB       0 linhas
. . exportou "CENIBRA_20160713"."TMETSOLPRBMST"              0 KB       0 linhas
. . exportou "CENIBRA_20160713"."TMETSOLPRBMSTITE"           0 KB       0 linhas
. . exportou "CENIBRA_20160713"."TMETSOLPRBPAS"              0 KB       0 linhas
. . exportou "CENIBRA_20160713"."TMNGRPTGPH"                 0 KB       0 linhas
. . exportou "CENIBRA_20160713"."TMNUSIS"                    0 KB       0 linhas
. . exportou "CENIBRA_20160713"."TMODIMPEXC"                 0 KB       0 linhas
. . exportou "CENIBRA_20160713"."TMSG"                       0 KB       0 linhas
. . exportou "CENIBRA_20160713"."TMSGENV"                    0 KB       0 linhas
. . exportou "CENIBRA_20160713"."TMSGSRV"                    0 KB       0 linhas
. . exportou "CENIBRA_20160713"."TNAOCNFIDN"                 0 KB       0 linhas
. . exportou "CENIBRA_20160713"."TNATLES"                    0 KB       0 linhas
. . exportou "CENIBRA_20160713"."TNMECOR"                    0 KB       0 linhas
. . exportou "CENIBRA_20160713"."TNOR"                       0 KB       0 linhas
. . exportou "CENIBRA_20160713"."TNORAUD"                    0 KB       0 linhas
. . exportou "CENIBRA_20160713"."TNORREQ"                    0 KB       0 linhas
. . exportou "CENIBRA_20160713"."TNORREQSOLPRB"              0 KB       0 linhas
. . exportou "CENIBRA_20160713"."TNORUSU"                    0 KB       0 linhas
. . exportou "CENIBRA_20160713"."TNOTUSU"                    0 KB       0 linhas
. . exportou "CENIBRA_20160713"."TNTAPAG"                    0 KB       0 linhas
. . exportou "CENIBRA_20160713"."TNTCATVSCD"                 0 KB       0 linhas
. . exportou "CENIBRA_20160713"."TOBSLICAMB"                 0 KB       0 linhas
. . exportou "CENIBRA_20160713"."TOCO"                       0 KB       0 linhas
. . exportou "CENIBRA_20160713"."TOCOFME"                    0 KB       0 linhas
. . exportou "CENIBRA_20160713"."TOCOSEVFME"                 0 KB       0 linhas
. . exportou "CENIBRA_20160713"."TOCOSEVRES"                 0 KB       0 linhas
. . exportou "CENIBRA_20160713"."TOCOSOLPRB"                 0 KB       0 linhas
. . exportou "CENIBRA_20160713"."TOPCTIPCMPATV"              0 KB       0 linhas
. . exportou "CENIBRA_20160713"."TORG"                       0 KB       0 linhas
. . exportou "CENIBRA_20160713"."TORI"                       0 KB       0 linhas
. . exportou "CENIBRA_20160713"."TORISEG"                    0 KB       0 linhas
. . exportou "CENIBRA_20160713"."TPACTARASS"                 0 KB       0 linhas
. . exportou "CENIBRA_20160713"."TPACTARCMT"                 0 KB       0 linhas
. . exportou "CENIBRA_20160713"."TPACTARREP"                 0 KB       0 linhas
. . exportou "CENIBRA_20160713"."TPAG"                       0 KB       0 linhas
. . exportou "CENIBRA_20160713"."TPAGAPRLOG"                 0 KB       0 linhas
. . exportou "CENIBRA_20160713"."TPAGITE"                    0 KB       0 linhas
. . exportou "CENIBRA_20160713"."TPAGMNU"                    0 KB       0 linhas
. . exportou "CENIBRA_20160713"."TPAGMNUUNI"                 0 KB       0 linhas
. . exportou "CENIBRA_20160713"."TPAGUNI"                    0 KB       0 linhas
. . exportou "CENIBRA_20160713"."TPAGUSU"                    0 KB       0 linhas
. . exportou "CENIBRA_20160713"."TPAGUSUAPR"                 0 KB       0 linhas
. . exportou "CENIBRA_20160713"."TPARCOR"                    0 KB       0 linhas
. . exportou "CENIBRA_20160713"."TPASTIPEPRLICAMB"           0 KB       0 linhas
. . exportou "CENIBRA_20160713"."TPAYPALLOG"                 0 KB       0 linhas
. . exportou "CENIBRA_20160713"."TPCS"                       0 KB       0 linhas
. . exportou "CENIBRA_20160713"."TPGRRST"                    0 KB       0 linhas
. . exportou "CENIBRA_20160713"."TPGRRSTACO"                 0 KB       0 linhas
. . exportou "CENIBRA_20160713"."TPGRRSTITE"                 0 KB       0 linhas
. . exportou "CENIBRA_20160713"."TPGRRSTUSU"                 0 KB       0 linhas
. . exportou "CENIBRA_20160713"."TPGRRSTUSUACO"              0 KB       0 linhas
. . exportou "CENIBRA_20160713"."TPLAACO"                    0 KB       0 linhas
. . exportou "CENIBRA_20160713"."TPLAACOUNI"                 0 KB       0 linhas
. . exportou "CENIBRA_20160713"."TPLAACOUSU"                 0 KB       0 linhas
. . exportou "CENIBRA_20160713"."TPLACAUEFE"                 0 KB       0 linhas
. . exportou "CENIBRA_20160713"."TPLACAUEFEVER"              0 KB       0 linhas
. . exportou "CENIBRA_20160713"."TPLACAUEFEVERLOG"           0 KB       0 linhas
. . exportou "CENIBRA_20160713"."TPLACAUEFEVERSOLPRB"        0 KB       0 linhas
. . exportou "CENIBRA_20160713"."TPLACAUEFEVERTIPMEDCON"      0 KB       0 linhas
. . exportou "CENIBRA_20160713"."TPLACAUEFEVERTIPMEDCONDOCCNT"      0 KB       0 linhas
. . exportou "CENIBRA_20160713"."TPLACAUEFEVERTIPMEDCONMEDCON"      0 KB       0 linhas
. . exportou "CENIBRA_20160713"."TPLACOMCMP"                 0 KB       0 linhas
. . exportou "CENIBRA_20160713"."TPLACOMITE"                 0 KB       0 linhas
. . exportou "CENIBRA_20160713"."TPLAGESNTAREMVAR"           0 KB       0 linhas
. . exportou "CENIBRA_20160713"."TPLAGESOBJEST"              0 KB       0 linhas
. . exportou "CENIBRA_20160713"."TPLAGESRIS"                 0 KB       0 linhas
. . exportou "CENIBRA_20160713"."TPLAGESRISAVL"              0 KB       0 linhas
. . exportou "CENIBRA_20160713"."TPLAGESRISAVLSOLPRB"        0 KB       0 linhas
. . exportou "CENIBRA_20160713"."TPLAGESTIPACOIND"           0 KB       0 linhas
. . exportou "CENIBRA_20160713"."TPLNCON"                    0 KB       0 linhas
. . exportou "CENIBRA_20160713"."TPLNCONEMP"                 0 KB       0 linhas
. . exportou "CENIBRA_20160713"."TPLNCONITE"                 0 KB       0 linhas
. . exportou "CENIBRA_20160713"."TPLNCONREQ"                 0 KB       0 linhas
. . exportou "CENIBRA_20160713"."TPMC"                       0 KB       0 linhas
. . exportou "CENIBRA_20160713"."TPMCIDE"                    0 KB       0 linhas
. . exportou "CENIBRA_20160713"."TPMCNIV"                    0 KB       0 linhas
. . exportou "CENIBRA_20160713"."TPMCNIVUNI"                 0 KB       0 linhas
. . exportou "CENIBRA_20160713"."TPMCNIVUNIUSU"              0 KB       0 linhas
. . exportou "CENIBRA_20160713"."TPMCNIVUNIUSUIDE"           0 KB       0 linhas
. . exportou "CENIBRA_20160713"."TPMCUNI"                    0 KB       0 linhas
. . exportou "CENIBRA_20160713"."TPMCUNIPAR"                 0 KB       0 linhas
. . exportou "CENIBRA_20160713"."TPMCUNISOLPRB"              0 KB       0 linhas
. . exportou "CENIBRA_20160713"."TPNL"                       0 KB       0 linhas
. . exportou "CENIBRA_20160713"."TPNLITE"                    0 KB       0 linhas
. . exportou "CENIBRA_20160713"."TPRBCNCPRQ"                 0 KB       0 linhas
. . exportou "CENIBRA_20160713"."TPRFUSU"                    0 KB       0 linhas
. . exportou "CENIBRA_20160713"."TPRTLICAMB"                 0 KB       0 linhas
. . exportou "CENIBRA_20160713"."TPSQ"                       0 KB       0 linhas
. . exportou "CENIBRA_20160713"."TPSTIMP"                    0 KB       0 linhas
. . exportou "CENIBRA_20160713"."TPSTIMPDOCCNTVER"           0 KB       0 linhas
. . exportou "CENIBRA_20160713"."TPSTPUB"                    0 KB       0 linhas
. . exportou "CENIBRA_20160713"."TPSTPUBDOCCNT"              0 KB       0 linhas
. . exportou "CENIBRA_20160713"."TQSTANS"                    0 KB       0 linhas
. . exportou "CENIBRA_20160713"."TRAC"                       0 KB       0 linhas
. . exportou "CENIBRA_20160713"."TREFHIS"                    0 KB       0 linhas
. . exportou "CENIBRA_20160713"."TREGSIS"                    0 KB       0 linhas
. . exportou "CENIBRA_20160713"."TREGVAL"                    0 KB       0 linhas
. . exportou "CENIBRA_20160713"."TREP"                       0 KB       0 linhas
. . exportou "CENIBRA_20160713"."TREQLEG"                    0 KB       0 linhas
. . exportou "CENIBRA_20160713"."TREQLEGANACRI"              0 KB       0 linhas
. . exportou "CENIBRA_20160713"."TREQLEGCAU"                 0 KB       0 linhas
. . exportou "CENIBRA_20160713"."TREQNOR"                    0 KB       0 linhas
. . exportou "CENIBRA_20160713"."TREQUSUEMP"                 0 KB       0 linhas
. . exportou "CENIBRA_20160713"."TRESDOC"                    0 KB       0 linhas
. . exportou "CENIBRA_20160713"."TRPTPLAGESRIS"              0 KB       0 linhas
. . exportou "CENIBRA_20160713"."TSCTLICAMB"                 0 KB       0 linhas
. . exportou "CENIBRA_20160713"."TSCTLICAMBSIMFRM"           0 KB       0 linhas
. . exportou "CENIBRA_20160713"."TSCTLICAMBUSU"              0 KB       0 linhas
. . exportou "CENIBRA_20160713"."TSEG"                       0 KB       0 linhas
. . exportou "CENIBRA_20160713"."TSEVFME"                    0 KB       0 linhas
. . exportou "CENIBRA_20160713"."TSIMFRM"                    0 KB       0 linhas
. . exportou "CENIBRA_20160713"."TSIMFRMCMP"                 0 KB       0 linhas
. . exportou "CENIBRA_20160713"."TSIMFRMTPL"                 0 KB       0 linhas
. . exportou "CENIBRA_20160713"."TSIMFRMVLRDIC"              0 KB       0 linhas
. . exportou "CENIBRA_20160713"."TSIMLOG"                    0 KB       0 linhas
. . exportou "CENIBRA_20160713"."TSIMNTC"                    0 KB       0 linhas
. . exportou "CENIBRA_20160713"."TSIMNTCCAT"                 0 KB       0 linhas
. . exportou "CENIBRA_20160713"."TSIMNTCTAG"                 0 KB       0 linhas
. . exportou "CENIBRA_20160713"."TSIMNTCUNI"                 0 KB       0 linhas
. . exportou "CENIBRA_20160713"."TSIMPAR"                    0 KB       0 linhas
. . exportou "CENIBRA_20160713"."TSIMPARCRDIND"              0 KB       0 linhas
. . exportou "CENIBRA_20160713"."TSIMPARFAR"                 0 KB       0 linhas
. . exportou "CENIBRA_20160713"."TSIMPARFARACO"              0 KB       0 linhas
. . exportou "CENIBRA_20160713"."TSIMPARGPHIND"              0 KB       0 linhas
. . exportou "CENIBRA_20160713"."TSIMPARIFR"                 0 KB       0 linhas
. . exportou "CENIBRA_20160713"."TSIMPARIND"                 0 KB       0 linhas
. . exportou "CENIBRA_20160713"."TSIMPARINDGPH"              0 KB       0 linhas
. . exportou "CENIBRA_20160713"."TSIMPARLISNTC"              0 KB       0 linhas
. . exportou "CENIBRA_20160713"."TSIMPARLISNTCCAT"           0 KB       0 linhas
. . exportou "CENIBRA_20160713"."TSIMPARLISNTCTAG"           0 KB       0 linhas
. . exportou "CENIBRA_20160713"."TSIMPARLISOCO"              0 KB       0 linhas
. . exportou "CENIBRA_20160713"."TSIMPARNTA"                 0 KB       0 linhas
. . exportou "CENIBRA_20160713"."TSIMPARTIT"                 0 KB       0 linhas
. . exportou "CENIBRA_20160713"."TSIMPARTPL"                 0 KB       0 linhas
. . exportou "CENIBRA_20160713"."TSIMPARTPLACO"              0 KB       0 linhas
. . exportou "CENIBRA_20160713"."TSITDNP"                    0 KB       0 linhas
. . exportou "CENIBRA_20160713"."TSNWEST"                    0 KB       0 linhas
. . exportou "CENIBRA_20160713"."TSOLPRBAPR"                 0 KB       0 linhas
. . exportou "CENIBRA_20160713"."TSOLPRBAPRITE"              0 KB       0 linhas
. . exportou "CENIBRA_20160713"."TSOLPRBCFGREGITE"           0 KB       0 linhas
. . exportou "CENIBRA_20160713"."TSOLPRBPCS"                 0 KB       0 linhas
. . exportou "CENIBRA_20160713"."TSOLPRBREL"                 0 KB       0 linhas
. . exportou "CENIBRA_20160713"."TSOLPRBREQMUD"              0 KB       0 linhas
. . exportou "CENIBRA_20160713"."TSOLPRBREQNOR"              0 KB       0 linhas
. . exportou "CENIBRA_20160713"."TSOLPRBSIM"                 0 KB       0 linhas
. . exportou "CENIBRA_20160713"."TSOLPRBSIMPAR"              0 KB       0 linhas
. . exportou "CENIBRA_20160713"."TTAG"                       0 KB       0 linhas
. . exportou "CENIBRA_20160713"."TTAGREL"                    0 KB       0 linhas
. . exportou "CENIBRA_20160713"."TTEV"                       0 KB       0 linhas
. . exportou "CENIBRA_20160713"."TTIPAGD"                    0 KB       0 linhas
. . exportou "CENIBRA_20160713"."TTIPAGDLAN"                 0 KB       0 linhas
. . exportou "CENIBRA_20160713"."TTIPATVREGLICAMB"           0 KB       0 linhas
. . exportou "CENIBRA_20160713"."TTIPAUD"                    0 KB       0 linhas
. . exportou "CENIBRA_20160713"."TTIPCMP"                    0 KB       0 linhas
. . exportou "CENIBRA_20160713"."TTIPCMPVAL"                 0 KB       0 linhas
. . exportou "CENIBRA_20160713"."TTIPDOC"                    0 KB       0 linhas
. . exportou "CENIBRA_20160713"."TTIPDOCLICAMB"              0 KB       0 linhas
. . exportou "CENIBRA_20160713"."TTIPEPRLICAMB"              0 KB       0 linhas
. . exportou "CENIBRA_20160713"."TTIPEQP"                    0 KB       0 linhas
. . exportou "CENIBRA_20160713"."TTIPESTLICAMB"              0 KB       0 linhas
. . exportou "CENIBRA_20160713"."TTIPESTLICAMBCHKLSTTPL"      0 KB       0 linhas
. . exportou "CENIBRA_20160713"."TTIPITR"                    0 KB       0 linhas
. . exportou "CENIBRA_20160713"."TTIPLICAMB"                 0 KB       0 linhas
. . exportou "CENIBRA_20160713"."TTIPLICAMBCHKLSTTPL"        0 KB       0 linhas
. . exportou "CENIBRA_20160713"."TTIPLICREGAMB"              0 KB       0 linhas
. . exportou "CENIBRA_20160713"."TTIPOCO"                    0 KB       0 linhas
. . exportou "CENIBRA_20160713"."TTIPREQ"                    0 KB       0 linhas
. . exportou "CENIBRA_20160713"."TTIPUSOAGA"                 0 KB       0 linhas
. . exportou "CENIBRA_20160713"."TTMA"                       0 KB       0 linhas
. . exportou "CENIBRA_20160713"."TTMPDTAMNGORA"              0 KB       0 linhas
. . exportou "CENIBRA_20160713"."TTMPMNGRPT"                 0 KB       0 linhas
. . exportou "CENIBRA_20160713"."TTNO"                       0 KB       0 linhas
. . exportou "CENIBRA_20160713"."TTPL"                       0 KB       0 linhas
. . exportou "CENIBRA_20160713"."TTPLMSGUSU"                 0 KB       0 linhas
. . exportou "CENIBRA_20160713"."TTRSGER"                    0 KB       0 linhas
. . exportou "CENIBRA_20160713"."TTRSGERITE"                 0 KB       0 linhas
. . exportou "CENIBRA_20160713"."TUNIAUDSCD"                 0 KB       0 linhas
. . exportou "CENIBRA_20160713"."TUNIGRUHOMEXP"              0 KB       0 linhas
. . exportou "CENIBRA_20160713"."TUNIPCS"                    0 KB       0 linhas
. . exportou "CENIBRA_20160713"."TUNIPLACAUEFEREL"           0 KB       0 linhas
. . exportou "CENIBRA_20160713"."TUNIREQNOR"                 0 KB       0 linhas
. . exportou "CENIBRA_20160713"."TUNISCDCON"                 0 KB       0 linhas
. . exportou "CENIBRA_20160713"."TUSOSISUSU"                 0 KB       0 linhas
. . exportou "CENIBRA_20160713"."TUSUACO"                    0 KB       0 linhas
. . exportou "CENIBRA_20160713"."TUSUCON"                    0 KB       0 linhas
. . exportou "CENIBRA_20160713"."TUSUOPESIS"                 0 KB       0 linhas
. . exportou "CENIBRA_20160713"."TUSUPLACOMITE"              0 KB       0 linhas
. . exportou "CENIBRA_20160713"."TUSUREGSIS"                 0 KB       0 linhas
. . exportou "CENIBRA_20160713"."TUSUREQLEG"                 0 KB       0 linhas
. . exportou "CENIBRA_20160713"."TUSUTELROT"                 0 KB       0 linhas
. . exportou "CENIBRA_20160713"."TUSUUNIREGSIS"              0 KB       0 linhas
. . exportou "CENIBRA_20160713"."TVALACOIMP"                 0 KB       0 linhas
. . exportou "CENIBRA_20160713"."TVALACOLOG"                 0 KB       0 linhas
. . exportou "CENIBRA_20160713"."TVALACOPLA"                 0 KB       0 linhas
. . exportou "CENIBRA_20160713"."TVINREQLEG"                 0 KB       0 linhas
. . exportou "CENIBRA_20160713"."TVIS"                       0 KB       0 linhas
. . exportou "CENIBRA_20160713"."TVISACO"                    0 KB       0 linhas
. . exportou "CENIBRA_20160713"."TWEBMST"                    0 KB       0 linhas
. . exportou "CENIBRA_20160713"."TWKF"                       0 KB       0 linhas
. . exportou "CENIBRA_20160713"."TWKFACA"                    0 KB       0 linhas
. . exportou "CENIBRA_20160713"."TWKFATV"                    0 KB       0 linhas
. . exportou "CENIBRA_20160713"."TWKFATVREL"                 0 KB       0 linhas
. . exportou "CENIBRA_20160713"."TWKFESTENT"                 0 KB       0 linhas
. . exportou "CENIBRA_20160713"."TWKFEXE"                    0 KB       0 linhas
. . exportou "CENIBRA_20160713"."TWKFFAS"                    0 KB       0 linhas
Tabela-mestre "CENIBRA_20160713"."SYS_EXPORT_SCHEMA_01" carregada/descarregada com sucesso
******************************************************************************
Conjunto de arquivos de dump para CENIBRA_20160713.SYS_EXPORT_SCHEMA_01 é:
  E:\CENIBRA_20160713.DMP
O job "CENIBRA_20160713"."SYS_EXPORT_SCHEMA_01" foi concluído com sucesso em 10:30:01
